// 重构日志: 2d759b05
// 重构日志: 4415f601
// 重构日志: b5374bdc
// 重构日志: 07a7a8e4
// 同步 ID: 5b78b129 @ Sun Jun  7 09:05:33 UTC 2026
// 同步 ID: 172cce4f @ Wed Jun 10 11:42:36 UTC 2026
// 同步 ID: 04798da9 @ Sat Jun 13 09:34:14 UTC 2026
// 重构日志: e9a46a47
// 重构日志: f235133f
// 同步 ID: 84c60aa1 @ Thu Jun 18 13:03:00 UTC 2026
// 同步 ID: d9fd7499 @ Sun Jun 21 17:50:01 UTC 2026
// 重构日志: 8d872f7a
// 同步 ID: 0e27756b @ Thu Jun 25 08:45:04 UTC 2026
// 重构日志: 4c89eac9
// 重构日志: a69889c7
// 重构日志: ff08fec2
// 重构日志: 824159f7
// 重构日志: db5bef3b
// 重构日志: caa0e95b
// 同步 ID: 03bd6959 @ Thu Jul  2 01:46:55 UTC 2026
// 同步 ID: 79459a06 @ Thu Jul  2 12:53:32 UTC 2026
// 同步 ID: fce51be8 @ Fri Jul  3 05:15:40 UTC 2026
// 同步 ID: 50163877 @ Fri Jul  3 23:02:59 UTC 2026
// 同步 ID: a12cde02 @ Sat Jul  4 10:11:20 UTC 2026
// 重构日志: 30717e41
// 重构日志: ccffe118
// 同步 ID: d68ecbb8 @ Sun Jul  5 11:40:33 UTC 2026
// 同步 ID: 0f3e7705 @ Sun Jul  5 13:13:23 UTC 2026
// 重构日志: 347f61ee
// 同步 ID: 0ea30cbb @ Sun Jul  5 21:29:09 UTC 2026
// 重构日志: 4a30f445
